

Microchip MPLAB XC8 Assembler V2.31 build 20201012212115 
                                                                                               Tue Feb 09 09:14:52 2021

Microchip MPLAB XC8 C Compiler v2.31 (Free license) build 20201012212115 Og1 
     1                           	processor	18F27Q43
     2                           	fnconf	rparam,??,?,0
     3                           	pagewidth 120
     4                           	opt	flic
     5                           	psect	cinit,global,reloc=2,class=CODE,delta=1
     6                           	psect	bssCOMRAM,global,class=COMRAM,space=1,delta=1,lowdata,noexec
     7                           	psect	cstackCOMRAM,global,class=COMRAM,space=1,delta=1,lowdata,noexec
     8                           	psect	text0,global,reloc=2,class=CODE,delta=1
     9                           	psect	text1,global,reloc=2,class=CODE,delta=1
    10                           	psect	text2,global,reloc=2,class=CODE,delta=1
    11                           	psect	text3,global,reloc=2,class=CODE,delta=1
    12                           	psect	text4,global,reloc=2,class=CODE,delta=1
    13                           	psect	text5,global,reloc=2,class=CODE,delta=1
    14                           	psect	text6,global,reloc=2,class=CODE,delta=1
    15                           	psect	intsave_regs,global,class=BIGRAM,space=1,delta=1,noexec
    16                           	psect	rparam,global,class=COMRAM,space=1,delta=1,noexec
    17                           	psect	idloc,global,abs,ovrld,class=IDLOC,space=5,delta=1,noexec
    18                           	psect	config,global,abs,ovrld,class=CONFIG,space=4,delta=1,noexec
    19  0000                     
    20                           ; Version 2.30
    21                           ; Generated 20/08/2020 GMT
    22                           ; 
    23                           ; Copyright © 2020, Microchip Technology Inc. and its subsidiaries ("Microchip")
    24                           ; All rights reserved.
    25                           ; 
    26                           ; This software is developed by Microchip Technology Inc. and its subsidiaries ("Microch
      +                          ip").
    27                           ; 
    28                           ; Redistribution and use in source and binary forms, with or without modification, are
    29                           ; permitted provided that the following conditions are met:
    30                           ; 
    31                           ;     1. Redistributions of source code must retain the above copyright notice, this lis
      +                          t of
    32                           ;        conditions and the following disclaimer.
    33                           ; 
    34                           ;     2. Redistributions in binary form must reproduce the above copyright notice, this 
      +                          list
    35                           ;        of conditions and the following disclaimer in the documentation and/or other
    36                           ;        materials provided with the distribution. Publication is not required when
    37                           ;        this file is used in an embedded application.
    38                           ; 
    39                           ;     3. Microchip's name may not be used to endorse or promote products derived from th
      +                          is
    40                           ;        software without specific prior written permission.
    41                           ; 
    42                           ; THIS SOFTWARE IS PROVIDED BY MICROCHIP "AS IS" AND ANY EXPRESS OR IMPLIED WARRANTIES,
    43                           ; INCLUDING, BUT NOT LIMITED TO, THE IMPLIED WARRANTIES OF MERCHANTABILITY AND FITNESS F
      +                          OR
    44                           ; PURPOSE ARE DISCLAIMED.  IN NO EVENT SHALL MICROCHIP BE LIABLE FOR ANY DIRECT, INDIREC
      +                          T,
    45                           ; INCIDENTAL, SPECIAL, EXEMPLARY, OR CONSEQUENTIAL DAMAGES (INCLUDING BUT NOT LIMITED TO
    46                           ; PROCUREMENT OF SUBSTITUTE GOODS OR SERVICES; LOSS OF USE, DATA OR PROFITS; OR BUSINESS
    47                           ; INTERRUPTION) HOWSOEVER CAUSED AND ON ANY THEORY OF LIABILITY, WHETHER IN CONTRACT, ST
      +                          RICT
    48                           ; LIABILITY, OR TORT (INCLUDING NEGLIGENCE OR OTHERWISE) ARISING IN ANY WAY OUT OF THE U
      +                          SE OF
    49                           ; THIS SOFTWARE, EVEN IF ADVISED OF THE POSSIBILITY OF SUCH DAMAGE.
    50                           ; 
    51                           ; 
    52                           ; Code-generator required, PIC18F27Q43 Definitions
    53                           ; 
    54                           ; SFR Addresses
    55  0000                     _LATA	set	1214
    56                           
    57                           ; #config settings
    58                           
    59                           	psect	cinit
    60  01FF50                     __pcinit:
    61                           	callstack 0
    62  01FF50                     start_initialization:
    63                           	callstack 0
    64  01FF50                     __initialization:
    65                           	callstack 0
    66                           
    67                           ; Clear objects allocated to COMRAM (13 bytes)
    68  01FF50  EE01  F101         	lfsr	0,__pbssCOMRAM
    69  01FF54  0E0D               	movlw	13
    70  01FF56                     clear_0:
    71  01FF56  6AEE               	clrf	postinc0,c
    72  01FF58  06E8               	decf	wreg,f,c
    73  01FF5A  E1FD               	bnz	clear_0
    74  01FF5C                     end_of_initialization:
    75                           	callstack 0
    76  01FF5C                     __end_of__initialization:
    77                           	callstack 0
    78  01FF5C  0100               	movlb	0
    79  01FF5E  EFC2  F0FF         	goto	_main	;jump to C main() function
    80                           
    81                           	psect	bssCOMRAM
    82  000501                     __pbssCOMRAM:
    83                           	callstack 0
    84  000501                     _G_u32SystemFlags:
    85                           	callstack 0
    86  000501                     	ds	4
    87  000505                     _G_u32SystemTime1s:
    88                           	callstack 0
    89  000505                     	ds	4
    90  000509                     _G_u32SystemTime1ms:
    91                           	callstack 0
    92  000509                     	ds	4
    93  00050D                     _G_u8UserAppFlags:
    94                           	callstack 0
    95  00050D                     	ds	1
    96                           
    97                           	psect	cstackCOMRAM
    98  00050E                     __pcstackCOMRAM:
    99                           	callstack 0
   100  00050E                     ??_UserAppRun:
   101  00050E                     
   102                           ; 1 bytes @ 0x0
   103  00050E                     	ds	6
   104  000514                     UserAppRun@u32Counter:
   105                           	callstack 0
   106                           
   107                           ; 4 bytes @ 0x6
   108  000514                     	ds	4
   109  000518                     
   110                           ; 1 bytes @ 0xA
   111 ;;
   112 ;;Main: autosize = 0, tempsize = 0, incstack = 0, save=0
   113 ;;
   114 ;; *************** function _main *****************
   115 ;; Defined at:
   116 ;;		line 35 in file "main.c"
   117 ;; Parameters:    Size  Location     Type
   118 ;;		None
   119 ;; Auto vars:     Size  Location     Type
   120 ;;		None
   121 ;; Return value:  Size  Location     Type
   122 ;;                  1    wreg      void 
   123 ;; Registers used:
   124 ;;		wreg, status,2, status,0, cstack
   125 ;; Tracked objects:
   126 ;;		On entry : 0/0
   127 ;;		On exit  : 0/0
   128 ;;		Unchanged: 0/0
   129 ;; Data sizes:     COMRAM   BANK5   BANK6   BANK7   BANK8   BANK9  BANK10  BANK11  BANK12  BANK13  BANK14  BANK15  BANK1
      +6  BANK17  BANK18  BANK19  BANK20  BANK21  BANK22  BANK23  BANK24  BANK25  BANK26  BANK27  BANK28  BANK29  BANK30  BANK3
      +1  BANK32  BANK33  BANK34  BANK35  BANK36  BANK37
   130 ;;      Params:         0       0       0       0       0       0       0       0       0       0       0       0       
      +0       0       0       0       0       0       0       0       0       0       0       0       0       0       0       
      +0       0       0       0       0       0       0
   131 ;;      Locals:         0       0       0       0       0       0       0       0       0       0       0       0       
      +0       0       0       0       0       0       0       0       0       0       0       0       0       0       0       
      +0       0       0       0       0       0       0
   132 ;;      Temps:          0       0       0       0       0       0       0       0       0       0       0       0       
      +0       0       0       0       0       0       0       0       0       0       0       0       0       0       0       
      +0       0       0       0       0       0       0
   133 ;;      Totals:         0       0       0       0       0       0       0       0       0       0       0       0       
      +0       0       0       0       0       0       0       0       0       0       0       0       0       0       0       
      +0       0       0       0       0       0       0
   134 ;;Total ram usage:        0 bytes
   135 ;; Hardware stack levels required when called:    1
   136 ;; This function calls:
   137 ;;		_ClockSetup
   138 ;;		_GpioSetup
   139 ;;		_SysTickSetup
   140 ;;		_SystemSleep
   141 ;;		_UserAppInitialize
   142 ;;		_UserAppRun
   143 ;; This function is called by:
   144 ;;		Startup code after reset
   145 ;; This function uses a non-reentrant model
   146 ;;
   147                           
   148                           	psect	text0
   149  01FF84                     __ptext0:
   150                           	callstack 0
   151  01FF84                     _main:
   152                           	callstack 127
   153  01FF84                     
   154                           ;main.c: 37:   G_u32SystemFlags |= (u32)0x80000000;
   155  01FF84  8E04               	bsf	(_G_u32SystemFlags+3)^(0+1280),7,c	;volatile
   156  01FF86                     
   157                           ;main.c: 40:   ClockSetup();
   158  01FF86  ECA4  F0FF         	call	_ClockSetup	;wreg free
   159  01FF8A                     
   160                           ;main.c: 41:   SysTickSetup();
   161  01FF8A  ECB1  F0FF         	call	_SysTickSetup	;wreg free
   162  01FF8E                     
   163                           ;main.c: 42:   GpioSetup();
   164  01FF8E  ECA5  F0FF         	call	_GpioSetup	;wreg free
   165  01FF92                     
   166                           ;main.c: 47:   UserAppInitialize();
   167  01FF92  ECA7  F0FF         	call	_UserAppInitialize	;wreg free
   168  01FF96                     l774:
   169                           
   170                           ;main.c: 53:   {;main.c: 57:     UserAppRun();
   171  01FF96  ECD3  F0FF         	call	_UserAppRun	;wreg free
   172  01FF9A                     
   173                           ;main.c: 62:     SystemSleep();
   174  01FF9A  ECA6  F0FF         	call	_SystemSleep	;wreg free
   175  01FF9E  EFCB  F0FF         	goto	l774
   176  01FFA2  EFFE  F0FF         	goto	start
   177  01FFA6                     __end_of_main:
   178                           	callstack 0
   179                           
   180 ;; *************** function _UserAppRun *****************
   181 ;; Defined at:
   182 ;;		line 95 in file "user_app.c"
   183 ;; Parameters:    Size  Location     Type
   184 ;;		None
   185 ;; Auto vars:     Size  Location     Type
   186 ;;  u32Counter      4    6[COMRAM] unsigned long 
   187 ;;  u32Delay        4    0        unsigned long 
   188 ;; Return value:  Size  Location     Type
   189 ;;                  1    wreg      void 
   190 ;; Registers used:
   191 ;;		wreg, status,2, status,0, cstack
   192 ;; Tracked objects:
   193 ;;		On entry : 0/0
   194 ;;		On exit  : 0/0
   195 ;;		Unchanged: 0/0
   196 ;; Data sizes:     COMRAM   BANK5   BANK6   BANK7   BANK8   BANK9  BANK10  BANK11  BANK12  BANK13  BANK14  BANK15  BANK1
      +6  BANK17  BANK18  BANK19  BANK20  BANK21  BANK22  BANK23  BANK24  BANK25  BANK26  BANK27  BANK28  BANK29  BANK30  BANK3
      +1  BANK32  BANK33  BANK34  BANK35  BANK36  BANK37
   197 ;;      Params:         0       0       0       0       0       0       0       0       0       0       0       0       
      +0       0       0       0       0       0       0       0       0       0       0       0       0       0       0       
      +0       0       0       0       0       0       0
   198 ;;      Locals:         8       0       0       0       0       0       0       0       0       0       0       0       
      +0       0       0       0       0       0       0       0       0       0       0       0       0       0       0       
      +0       0       0       0       0       0       0
   199 ;;      Temps:          2       0       0       0       0       0       0       0       0       0       0       0       
      +0       0       0       0       0       0       0       0       0       0       0       0       0       0       0       
      +0       0       0       0       0       0       0
   200 ;;      Totals:        10       0       0       0       0       0       0       0       0       0       0       0       
      +0       0       0       0       0       0       0       0       0       0       0       0       0       0       0       
      +0       0       0       0       0       0       0
   201 ;;Total ram usage:       10 bytes
   202 ;; Hardware stack levels used:    1
   203 ;; This function calls:
   204 ;;		Nothing
   205 ;; This function is called by:
   206 ;;		_main
   207 ;; This function uses a non-reentrant model
   208 ;;
   209                           
   210                           	psect	text1
   211  01FFA6                     __ptext1:
   212                           	callstack 0
   213  01FFA6                     _UserAppRun:
   214                           	callstack 127
   215  01FFA6                     
   216                           ;user_app.c: 97:     LATA = 0x80;
   217  01FFA6  0E80               	movlw	128
   218  01FFA8  6EBE               	movwf	190,c	;volatile
   219                           
   220                           ;user_app.c: 98:     u32 u32Delay;;user_app.c: 99:     u32 u32Counter;;user_app.c: 101: 
      +                              for (u32Counter=1; u32Counter<=64; u32Counter++);
   221  01FFAA  0E01               	movlw	1
   222  01FFAC  6E14               	movwf	UserAppRun@u32Counter^(0+1280),c
   223  01FFAE  0E00               	movlw	0
   224  01FFB0  6E15               	movwf	(UserAppRun@u32Counter+1)^(0+1280),c
   225  01FFB2  0E00               	movlw	0
   226  01FFB4  6E16               	movwf	(UserAppRun@u32Counter+2)^(0+1280),c
   227  01FFB6  0E00               	movlw	0
   228  01FFB8  6E17               	movwf	(UserAppRun@u32Counter+3)^(0+1280),c
   229  01FFBA                     l740:
   230  01FFBA  0E01               	movlw	1
   231  01FFBC  2614               	addwf	UserAppRun@u32Counter^(0+1280),f,c
   232  01FFBE  0E00               	movlw	0
   233  01FFC0  2215               	addwfc	(UserAppRun@u32Counter+1)^(0+1280),f,c
   234  01FFC2  2216               	addwfc	(UserAppRun@u32Counter+2)^(0+1280),f,c
   235  01FFC4  2217               	addwfc	(UserAppRun@u32Counter+3)^(0+1280),f,c
   236  01FFC6  5017               	movf	(UserAppRun@u32Counter+3)^(0+1280),w,c
   237  01FFC8  1016               	iorwf	(UserAppRun@u32Counter+2)^(0+1280),w,c
   238  01FFCA  1015               	iorwf	(UserAppRun@u32Counter+1)^(0+1280),w,c
   239  01FFCC  E109               	bnz	u10
   240  01FFCE  0E41               	movlw	65
   241  01FFD0  5C14               	subwf	UserAppRun@u32Counter^(0+1280),w,c
   242  01FFD2  A0D8               	btfss	status,0,c
   243  01FFD4  EFEE  F0FF         	goto	u11
   244  01FFD8  EFF0  F0FF         	goto	u10
   245  01FFDC                     u11:
   246  01FFDC  EFDD  F0FF         	goto	l740
   247  01FFE0                     u10:
   248  01FFE0                     
   249                           ;user_app.c: 102:     {;user_app.c: 103:         LATA++;
   250  01FFE0  2ABE               	incf	190,f,c	;volatile
   251  01FFE2                     
   252                           ;user_app.c: 105:         _delay(u32Delay);
   253  01FFE2  0E15               	movlw	21
   254  01FFE4  6E0F               	movwf	(??_UserAppRun+1)^(0+1280),c
   255  01FFE6  0E4B               	movlw	75
   256  01FFE8  6E0E               	movwf	??_UserAppRun^(0+1280),c
   257  01FFEA  0EBE               	movlw	190
   258  01FFEC                     u27:
   259  01FFEC  2EE8               	decfsz	wreg,f,c
   260  01FFEE  D7FE               	bra	u27
   261  01FFF0  2E0E               	decfsz	??_UserAppRun^(0+1280),f,c
   262  01FFF2  D7FC               	bra	u27
   263  01FFF4  2E0F               	decfsz	(??_UserAppRun+1)^(0+1280),f,c
   264  01FFF6  D7FA               	bra	u27
   265  01FFF8  D000               	nop2	
   266  01FFFA  0012               	return		;funcret
   267  01FFFC                     __end_of_UserAppRun:
   268                           	callstack 0
   269                           
   270 ;; *************** function _UserAppInitialize *****************
   271 ;; Defined at:
   272 ;;		line 76 in file "user_app.c"
   273 ;; Parameters:    Size  Location     Type
   274 ;;		None
   275 ;; Auto vars:     Size  Location     Type
   276 ;;		None
   277 ;; Return value:  Size  Location     Type
   278 ;;                  1    wreg      void 
   279 ;; Registers used:
   280 ;;		None
   281 ;; Tracked objects:
   282 ;;		On entry : 0/0
   283 ;;		On exit  : 0/0
   284 ;;		Unchanged: 0/0
   285 ;; Data sizes:     COMRAM   BANK5   BANK6   BANK7   BANK8   BANK9  BANK10  BANK11  BANK12  BANK13  BANK14  BANK15  BANK1
      +6  BANK17  BANK18  BANK19  BANK20  BANK21  BANK22  BANK23  BANK24  BANK25  BANK26  BANK27  BANK28  BANK29  BANK30  BANK3
      +1  BANK32  BANK33  BANK34  BANK35  BANK36  BANK37
   286 ;;      Params:         0       0       0       0       0       0       0       0       0       0       0       0       
      +0       0       0       0       0       0       0       0       0       0       0       0       0       0       0       
      +0       0       0       0       0       0       0
   287 ;;      Locals:         0       0       0       0       0       0       0       0       0       0       0       0       
      +0       0       0       0       0       0       0       0       0       0       0       0       0       0       0       
      +0       0       0       0       0       0       0
   288 ;;      Temps:          0       0       0       0       0       0       0       0       0       0       0       0       
      +0       0       0       0       0       0       0       0       0       0       0       0       0       0       0       
      +0       0       0       0       0       0       0
   289 ;;      Totals:         0       0       0       0       0       0       0       0       0       0       0       0       
      +0       0       0       0       0       0       0       0       0       0       0       0       0       0       0       
      +0       0       0       0       0       0       0
   290 ;;Total ram usage:        0 bytes
   291 ;; Hardware stack levels used:    1
   292 ;; This function calls:
   293 ;;		Nothing
   294 ;; This function is called by:
   295 ;;		_main
   296 ;; This function uses a non-reentrant model
   297 ;;
   298                           
   299                           	psect	text2
   300  01FF4E                     __ptext2:
   301                           	callstack 0
   302  01FF4E                     _UserAppInitialize:
   303                           	callstack 127
   304  01FF4E  0012               	return		;funcret
   305  01FF50                     __end_of_UserAppInitialize:
   306                           	callstack 0
   307                           
   308 ;; *************** function _SystemSleep *****************
   309 ;; Defined at:
   310 ;;		line 130 in file "encm369_pic18.c"
   311 ;; Parameters:    Size  Location     Type
   312 ;;		None
   313 ;; Auto vars:     Size  Location     Type
   314 ;;		None
   315 ;; Return value:  Size  Location     Type
   316 ;;                  1    wreg      void 
   317 ;; Registers used:
   318 ;;		None
   319 ;; Tracked objects:
   320 ;;		On entry : 0/0
   321 ;;		On exit  : 0/0
   322 ;;		Unchanged: 0/0
   323 ;; Data sizes:     COMRAM   BANK5   BANK6   BANK7   BANK8   BANK9  BANK10  BANK11  BANK12  BANK13  BANK14  BANK15  BANK1
      +6  BANK17  BANK18  BANK19  BANK20  BANK21  BANK22  BANK23  BANK24  BANK25  BANK26  BANK27  BANK28  BANK29  BANK30  BANK3
      +1  BANK32  BANK33  BANK34  BANK35  BANK36  BANK37
   324 ;;      Params:         0       0       0       0       0       0       0       0       0       0       0       0       
      +0       0       0       0       0       0       0       0       0       0       0       0       0       0       0       
      +0       0       0       0       0       0       0
   325 ;;      Locals:         0       0       0       0       0       0       0       0       0       0       0       0       
      +0       0       0       0       0       0       0       0       0       0       0       0       0       0       0       
      +0       0       0       0       0       0       0
   326 ;;      Temps:          0       0       0       0       0       0       0       0       0       0       0       0       
      +0       0       0       0       0       0       0       0       0       0       0       0       0       0       0       
      +0       0       0       0       0       0       0
   327 ;;      Totals:         0       0       0       0       0       0       0       0       0       0       0       0       
      +0       0       0       0       0       0       0       0       0       0       0       0       0       0       0       
      +0       0       0       0       0       0       0
   328 ;;Total ram usage:        0 bytes
   329 ;; Hardware stack levels used:    1
   330 ;; This function calls:
   331 ;;		Nothing
   332 ;; This function is called by:
   333 ;;		_main
   334 ;; This function uses a non-reentrant model
   335 ;;
   336                           
   337                           	psect	text3
   338  01FF4C                     __ptext3:
   339                           	callstack 0
   340  01FF4C                     _SystemSleep:
   341                           	callstack 127
   342  01FF4C  0012               	return		;funcret
   343  01FF4E                     __end_of_SystemSleep:
   344                           	callstack 0
   345                           
   346 ;; *************** function _SysTickSetup *****************
   347 ;; Defined at:
   348 ;;		line 108 in file "encm369_pic18.c"
   349 ;; Parameters:    Size  Location     Type
   350 ;;		None
   351 ;; Auto vars:     Size  Location     Type
   352 ;;		None
   353 ;; Return value:  Size  Location     Type
   354 ;;                  1    wreg      void 
   355 ;; Registers used:
   356 ;;		wreg, status,2
   357 ;; Tracked objects:
   358 ;;		On entry : 0/0
   359 ;;		On exit  : 0/0
   360 ;;		Unchanged: 0/0
   361 ;; Data sizes:     COMRAM   BANK5   BANK6   BANK7   BANK8   BANK9  BANK10  BANK11  BANK12  BANK13  BANK14  BANK15  BANK1
      +6  BANK17  BANK18  BANK19  BANK20  BANK21  BANK22  BANK23  BANK24  BANK25  BANK26  BANK27  BANK28  BANK29  BANK30  BANK3
      +1  BANK32  BANK33  BANK34  BANK35  BANK36  BANK37
   362 ;;      Params:         0       0       0       0       0       0       0       0       0       0       0       0       
      +0       0       0       0       0       0       0       0       0       0       0       0       0       0       0       
      +0       0       0       0       0       0       0
   363 ;;      Locals:         0       0       0       0       0       0       0       0       0       0       0       0       
      +0       0       0       0       0       0       0       0       0       0       0       0       0       0       0       
      +0       0       0       0       0       0       0
   364 ;;      Temps:          0       0       0       0       0       0       0       0       0       0       0       0       
      +0       0       0       0       0       0       0       0       0       0       0       0       0       0       0       
      +0       0       0       0       0       0       0
   365 ;;      Totals:         0       0       0       0       0       0       0       0       0       0       0       0       
      +0       0       0       0       0       0       0       0       0       0       0       0       0       0       0       
      +0       0       0       0       0       0       0
   366 ;;Total ram usage:        0 bytes
   367 ;; Hardware stack levels used:    1
   368 ;; This function calls:
   369 ;;		Nothing
   370 ;; This function is called by:
   371 ;;		_main
   372 ;; This function uses a non-reentrant model
   373 ;;
   374                           
   375                           	psect	text4
   376  01FF62                     __ptext4:
   377                           	callstack 0
   378  01FF62                     _SysTickSetup:
   379                           	callstack 127
   380  01FF62                     
   381                           ;encm369_pic18.c: 110:   G_u32SystemTime1ms = 0;
   382  01FF62  0E00               	movlw	0
   383  01FF64  6E09               	movwf	_G_u32SystemTime1ms^(0+1280),c	;volatile
   384  01FF66  0E00               	movlw	0
   385  01FF68  6E0A               	movwf	(_G_u32SystemTime1ms+1)^(0+1280),c	;volatile
   386  01FF6A  0E00               	movlw	0
   387  01FF6C  6E0B               	movwf	(_G_u32SystemTime1ms+2)^(0+1280),c	;volatile
   388  01FF6E  0E00               	movlw	0
   389  01FF70  6E0C               	movwf	(_G_u32SystemTime1ms+3)^(0+1280),c	;volatile
   390                           
   391                           ;encm369_pic18.c: 111:   G_u32SystemTime1s = 0;
   392  01FF72  0E00               	movlw	0
   393  01FF74  6E05               	movwf	_G_u32SystemTime1s^(0+1280),c	;volatile
   394  01FF76  0E00               	movlw	0
   395  01FF78  6E06               	movwf	(_G_u32SystemTime1s+1)^(0+1280),c	;volatile
   396  01FF7A  0E00               	movlw	0
   397  01FF7C  6E07               	movwf	(_G_u32SystemTime1s+2)^(0+1280),c	;volatile
   398  01FF7E  0E00               	movlw	0
   399  01FF80  6E08               	movwf	(_G_u32SystemTime1s+3)^(0+1280),c	;volatile
   400  01FF82  0012               	return		;funcret
   401  01FF84                     __end_of_SysTickSetup:
   402                           	callstack 0
   403                           
   404 ;; *************** function _GpioSetup *****************
   405 ;; Defined at:
   406 ;;		line 89 in file "encm369_pic18.c"
   407 ;; Parameters:    Size  Location     Type
   408 ;;		None
   409 ;; Auto vars:     Size  Location     Type
   410 ;;		None
   411 ;; Return value:  Size  Location     Type
   412 ;;                  1    wreg      void 
   413 ;; Registers used:
   414 ;;		None
   415 ;; Tracked objects:
   416 ;;		On entry : 0/0
   417 ;;		On exit  : 0/0
   418 ;;		Unchanged: 0/0
   419 ;; Data sizes:     COMRAM   BANK5   BANK6   BANK7   BANK8   BANK9  BANK10  BANK11  BANK12  BANK13  BANK14  BANK15  BANK1
      +6  BANK17  BANK18  BANK19  BANK20  BANK21  BANK22  BANK23  BANK24  BANK25  BANK26  BANK27  BANK28  BANK29  BANK30  BANK3
      +1  BANK32  BANK33  BANK34  BANK35  BANK36  BANK37
   420 ;;      Params:         0       0       0       0       0       0       0       0       0       0       0       0       
      +0       0       0       0       0       0       0       0       0       0       0       0       0       0       0       
      +0       0       0       0       0       0       0
   421 ;;      Locals:         0       0       0       0       0       0       0       0       0       0       0       0       
      +0       0       0       0       0       0       0       0       0       0       0       0       0       0       0       
      +0       0       0       0       0       0       0
   422 ;;      Temps:          0       0       0       0       0       0       0       0       0       0       0       0       
      +0       0       0       0       0       0       0       0       0       0       0       0       0       0       0       
      +0       0       0       0       0       0       0
   423 ;;      Totals:         0       0       0       0       0       0       0       0       0       0       0       0       
      +0       0       0       0       0       0       0       0       0       0       0       0       0       0       0       
      +0       0       0       0       0       0       0
   424 ;;Total ram usage:        0 bytes
   425 ;; Hardware stack levels used:    1
   426 ;; This function calls:
   427 ;;		Nothing
   428 ;; This function is called by:
   429 ;;		_main
   430 ;; This function uses a non-reentrant model
   431 ;;
   432                           
   433                           	psect	text5
   434  01FF4A                     __ptext5:
   435                           	callstack 0
   436  01FF4A                     _GpioSetup:
   437                           	callstack 127
   438  01FF4A  0012               	return		;funcret
   439  01FF4C                     __end_of_GpioSetup:
   440                           	callstack 0
   441                           
   442 ;; *************** function _ClockSetup *****************
   443 ;; Defined at:
   444 ;;		line 70 in file "encm369_pic18.c"
   445 ;; Parameters:    Size  Location     Type
   446 ;;		None
   447 ;; Auto vars:     Size  Location     Type
   448 ;;		None
   449 ;; Return value:  Size  Location     Type
   450 ;;                  1    wreg      void 
   451 ;; Registers used:
   452 ;;		None
   453 ;; Tracked objects:
   454 ;;		On entry : 0/0
   455 ;;		On exit  : 0/0
   456 ;;		Unchanged: 0/0
   457 ;; Data sizes:     COMRAM   BANK5   BANK6   BANK7   BANK8   BANK9  BANK10  BANK11  BANK12  BANK13  BANK14  BANK15  BANK1
      +6  BANK17  BANK18  BANK19  BANK20  BANK21  BANK22  BANK23  BANK24  BANK25  BANK26  BANK27  BANK28  BANK29  BANK30  BANK3
      +1  BANK32  BANK33  BANK34  BANK35  BANK36  BANK37
   458 ;;      Params:         0       0       0       0       0       0       0       0       0       0       0       0       
      +0       0       0       0       0       0       0       0       0       0       0       0       0       0       0       
      +0       0       0       0       0       0       0
   459 ;;      Locals:         0       0       0       0       0       0       0       0       0       0       0       0       
      +0       0       0       0       0       0       0       0       0       0       0       0       0       0       0       
      +0       0       0       0       0       0       0
   460 ;;      Temps:          0       0       0       0       0       0       0       0       0       0       0       0       
      +0       0       0       0       0       0       0       0       0       0       0       0       0       0       0       
      +0       0       0       0       0       0       0
   461 ;;      Totals:         0       0       0       0       0       0       0       0       0       0       0       0       
      +0       0       0       0       0       0       0       0       0       0       0       0       0       0       0       
      +0       0       0       0       0       0       0
   462 ;;Total ram usage:        0 bytes
   463 ;; Hardware stack levels used:    1
   464 ;; This function calls:
   465 ;;		Nothing
   466 ;; This function is called by:
   467 ;;		_main
   468 ;; This function uses a non-reentrant model
   469 ;;
   470                           
   471                           	psect	text6
   472  01FF48                     __ptext6:
   473                           	callstack 0
   474  01FF48                     _ClockSetup:
   475                           	callstack 127
   476  01FF48  0012               	return		;funcret
   477  01FF4A                     __end_of_ClockSetup:
   478                           	callstack 0
   479  0000                     
   480                           	psect	rparam
   481  0000                     
   482                           	psect	idloc
   483                           
   484                           ;Config register IDLOC0 @ 0x200000
   485                           ;	unspecified, using default values
   486  200000                     	org	2097152
   487  200000  0FFF               	dw	4095
   488                           
   489                           ;Config register IDLOC1 @ 0x200002
   490                           ;	unspecified, using default values
   491  200002                     	org	2097154
   492  200002  0FFF               	dw	4095
   493                           
   494                           ;Config register IDLOC2 @ 0x200004
   495                           ;	unspecified, using default values
   496  200004                     	org	2097156
   497  200004  0FFF               	dw	4095
   498                           
   499                           ;Config register IDLOC3 @ 0x200006
   500                           ;	unspecified, using default values
   501  200006                     	org	2097158
   502  200006  0FFF               	dw	4095
   503                           
   504                           ;Config register IDLOC4 @ 0x200008
   505                           ;	unspecified, using default values
   506  200008                     	org	2097160
   507  200008  0FFF               	dw	4095
   508                           
   509                           ;Config register IDLOC5 @ 0x20000A
   510                           ;	unspecified, using default values
   511  20000A                     	org	2097162
   512  20000A  0FFF               	dw	4095
   513                           
   514                           ;Config register IDLOC6 @ 0x20000C
   515                           ;	unspecified, using default values
   516  20000C                     	org	2097164
   517  20000C  0FFF               	dw	4095
   518                           
   519                           ;Config register IDLOC7 @ 0x20000E
   520                           ;	unspecified, using default values
   521  20000E                     	org	2097166
   522  20000E  0FFF               	dw	4095
   523                           
   524                           ;Config register IDLOC8 @ 0x200010
   525                           ;	unspecified, using default values
   526  200010                     	org	2097168
   527  200010  0FFF               	dw	4095
   528                           
   529                           ;Config register IDLOC9 @ 0x200012
   530                           ;	unspecified, using default values
   531  200012                     	org	2097170
   532  200012  0FFF               	dw	4095
   533                           
   534                           ;Config register IDLOC10 @ 0x200014
   535                           ;	unspecified, using default values
   536  200014                     	org	2097172
   537  200014  0FFF               	dw	4095
   538                           
   539                           ;Config register IDLOC11 @ 0x200016
   540                           ;	unspecified, using default values
   541  200016                     	org	2097174
   542  200016  0FFF               	dw	4095
   543                           
   544                           ;Config register IDLOC12 @ 0x200018
   545                           ;	unspecified, using default values
   546  200018                     	org	2097176
   547  200018  0FFF               	dw	4095
   548                           
   549                           ;Config register IDLOC13 @ 0x20001A
   550                           ;	unspecified, using default values
   551  20001A                     	org	2097178
   552  20001A  0FFF               	dw	4095
   553                           
   554                           ;Config register IDLOC14 @ 0x20001C
   555                           ;	unspecified, using default values
   556  20001C                     	org	2097180
   557  20001C  0FFF               	dw	4095
   558                           
   559                           ;Config register IDLOC15 @ 0x20001E
   560                           ;	unspecified, using default values
   561  20001E                     	org	2097182
   562  20001E  0FFF               	dw	4095
   563                           
   564                           	psect	config
   565                           
   566                           ;Config register CONFIG1 @ 0x300000
   567                           ;	External Oscillator Selection
   568                           ;	FEXTOSC = OFF, Oscillator not enabled
   569                           ;	Reset Oscillator Selection
   570                           ;	RSTOSC = HFINTOSC_64MHZ, HFINTOSC with HFFRQ = 64 MHz and CDIV = 1:1
   571  300000                     	org	3145728
   572  300000  8C                 	db	140
   573                           
   574                           ;Config register CONFIG2 @ 0x300001
   575                           ;	Clock out Enable bit
   576                           ;	CLKOUTEN = ON, CLKOUT function is enabled
   577                           ;	PRLOCKED One-Way Set Enable bit
   578                           ;	PR1WAY = ON, PRLOCKED bit can be cleared and set only once
   579                           ;	Clock Switch Enable bit
   580                           ;	CSWEN = ON, Writing to NOSC and NDIV is allowed
   581                           ;	Fail-Safe Clock Monitor Enable bit
   582                           ;	FCMEN = ON, Fail-Safe Clock Monitor enabled
   583  300001                     	org	3145729
   584  300001  FE                 	db	254
   585                           
   586                           ;Config register CONFIG3 @ 0x300002
   587                           ;	MCLR Enable bit
   588                           ;	MCLRE = EXTMCLR, If LVP = 0, MCLR pin is MCLR; If LVP = 1, RE3 pin function is MCLR
   589                           ;	Power-up timer selection bits
   590                           ;	PWRTS = PWRT_OFF, PWRT is disabled
   591                           ;	Multi-vector enable bit
   592                           ;	MVECEN = ON, Multi-vector enabled, Vector table used for interrupts
   593                           ;	IVTLOCK bit One-way set enable bit
   594                           ;	IVT1WAY = ON, IVTLOCKED bit can be cleared and set only once
   595                           ;	Low Power BOR Enable bit
   596                           ;	LPBOREN = OFF, Low-Power BOR disabled
   597                           ;	Brown-out Reset Enable bits
   598                           ;	BOREN = SBORDIS, Brown-out Reset enabled , SBOREN bit is ignored
   599  300002                     	org	3145730
   600  300002  FF                 	db	255
   601                           
   602                           ;Config register CONFIG4 @ 0x300003
   603                           ;	Brown-out Reset Voltage Selection bits
   604                           ;	BORV = VBOR_2P85, Brown-out Reset Voltage (VBOR) set to 2.8V
   605                           ;	ZCD Disable bit
   606                           ;	ZCD = OFF, ZCD module is disabled. ZCD can be enabled by setting the ZCDSEN bit of ZCD
      +                          CON
   607                           ;	PPSLOCK bit One-Way Set Enable bit
   608                           ;	PPS1WAY = ON, PPSLOCKED bit can be cleared and set only once; PPS registers remain loc
      +                          ked after one clear/set cycle
   609                           ;	Stack Full/Underflow Reset Enable bit
   610                           ;	STVREN = ON, Stack full/underflow will cause Reset
   611                           ;	Low Voltage Programming Enable bit
   612                           ;	LVP = ON, Low voltage programming enabled. MCLR/VPP pin function is MCLR. MCLRE config
      +                          uration bit is ignored
   613                           ;	Extended Instruction Set Enable bit
   614                           ;	XINST = OFF, Extended Instruction Set and Indexed Addressing Mode disabled
   615  300003                     	org	3145731
   616  300003  FC                 	db	252
   617                           
   618                           ;Config register CONFIG5 @ 0x300004
   619                           ;	WDT Period selection bits
   620                           ;	WDTCPS = WDTCPS_31, Divider ratio 1:65536; software control of WDTPS
   621                           ;	WDT operating mode
   622                           ;	WDTE = OFF, WDT Disabled; SWDTEN is ignored
   623  300004                     	org	3145732
   624  300004  9F                 	db	159
   625                           
   626                           ;Config register CONFIG6 @ 0x300005
   627                           ;	WDT Window Select bits
   628                           ;	WDTCWS = WDTCWS_7, window always open (100%); software control; keyed access not requi
      +                          red
   629                           ;	WDT input clock selector
   630                           ;	WDTCCS = SC, Software Control
   631  300005                     	org	3145733
   632  300005  FF                 	db	255
   633                           
   634                           ;Config register CONFIG7 @ 0x300006
   635                           ;	Boot Block Size selection bits
   636                           ;	BBSIZE = BBSIZE_512, Boot Block size is 512 words
   637                           ;	Boot Block enable bit
   638                           ;	BBEN = OFF, Boot block disabled
   639                           ;	Storage Area Flash enable bit
   640                           ;	SAFEN = OFF, SAF disabled
   641                           ;	Background Debugger
   642                           ;	DEBUG = OFF, Background Debugger disabled
   643  300006                     	org	3145734
   644  300006  FF                 	db	255
   645                           
   646                           ;Config register CONFIG8 @ 0x300007
   647                           ;	Boot Block Write Protection bit
   648                           ;	WRTB = OFF, Boot Block not Write protected
   649                           ;	Configuration Register Write Protection bit
   650                           ;	WRTC = OFF, Configuration registers not Write protected
   651                           ;	Data EEPROM Write Protection bit
   652                           ;	WRTD = OFF, Data EEPROM not Write protected
   653                           ;	SAF Write protection bit
   654                           ;	WRTSAF = OFF, SAF not Write Protected
   655                           ;	Application Block write protection bit
   656                           ;	WRTAPP = OFF, Application Block not write protected
   657  300007                     	org	3145735
   658  300007  FF                 	db	255
   659                           
   660                           ; Padding undefined space
   661  300008                     	org	3145736
   662  300008  FF                 	db	255
   663                           
   664                           ;Config register CONFIG10 @ 0x300009
   665                           ;	PFM and Data EEPROM Code Protection bit
   666                           ;	CP = OFF, PFM and Data EEPROM code protection disabled
   667  300009                     	org	3145737
   668  300009  FF                 	db	255
   669                           tosu	equ	0x4FF
   670                           tosh	equ	0x4FE
   671                           tosl	equ	0x4FD
   672                           stkptr	equ	0x4FC
   673                           pclatu	equ	0x4FB
   674                           pclath	equ	0x4FA
   675                           pcl	equ	0x4F9
   676                           tblptru	equ	0x4F8
   677                           tblptrh	equ	0x4F7
   678                           tblptrl	equ	0x4F6
   679                           tablat	equ	0x4F5
   680                           prodh	equ	0x4F4
   681                           prodl	equ	0x4F3
   682                           indf0	equ	0x4EF
   683                           postinc0	equ	0x4EE
   684                           postdec0	equ	0x4ED
   685                           preinc0	equ	0x4EC
   686                           plusw0	equ	0x4EB
   687                           fsr0h	equ	0x4EA
   688                           fsr0l	equ	0x4E9
   689                           wreg	equ	0x4E8
   690                           indf1	equ	0x4E7
   691                           postinc1	equ	0x4E6
   692                           postdec1	equ	0x4E5
   693                           preinc1	equ	0x4E4
   694                           plusw1	equ	0x4E3
   695                           fsr1h	equ	0x4E2
   696                           fsr1l	equ	0x4E1
   697                           bsr	equ	0x4E0
   698                           indf2	equ	0x4DF
   699                           postinc2	equ	0x4DE
   700                           postdec2	equ	0x4DD
   701                           preinc2	equ	0x4DC
   702                           plusw2	equ	0x4DB
   703                           fsr2h	equ	0x4DA
   704                           fsr2l	equ	0x4D9
   705                           status	equ	0x4D8

Data Sizes:
    Strings     0
    Constant    0
    Data        0
    BSS         13
    Persistent  0
    Stack       0

Auto Spaces:
    Space          Size  Autos    Used
    COMRAM           95     10      23
    BANK5           160      0       0
    BANK6           256      0       0
    BANK7           256      0       0
    BANK8           256      0       0
    BANK9           256      0       0
    BANK10          256      0       0
    BANK11          256      0       0
    BANK12          256      0       0
    BANK13          256      0       0
    BANK14          256      0       0
    BANK15          256      0       0
    BANK16          256      0       0
    BANK17          256      0       0
    BANK18          256      0       0
    BANK19          256      0       0
    BANK20          256      0       0
    BANK21          256      0       0
    BANK22          256      0       0
    BANK23          256      0       0
    BANK24          256      0       0
    BANK25          256      0       0
    BANK26          256      0       0
    BANK27          256      0       0
    BANK28          256      0       0
    BANK29          256      0       0
    BANK30          256      0       0
    BANK31          256      0       0
    BANK32          256      0       0
    BANK33          256      0       0
    BANK34          256      0       0
    BANK35          256      0       0
    BANK36          256      0       0
    BANK37          256      0       0

Pointer List with Targets:

    None.

Critical Paths under _main in COMRAM

    _main->_UserAppRun

Critical Paths under _main in BANK5

    None.

Critical Paths under _main in BANK6

    None.

Critical Paths under _main in BANK7

    None.

Critical Paths under _main in BANK8

    None.

Critical Paths under _main in BANK9

    None.

Critical Paths under _main in BANK10

    None.

Critical Paths under _main in BANK11

    None.

Critical Paths under _main in BANK12

    None.

Critical Paths under _main in BANK13

    None.

Critical Paths under _main in BANK14

    None.

Critical Paths under _main in BANK15

    None.

Critical Paths under _main in BANK16

    None.

Critical Paths under _main in BANK17

    None.

Critical Paths under _main in BANK18

    None.

Critical Paths under _main in BANK19

    None.

Critical Paths under _main in BANK20

    None.

Critical Paths under _main in BANK21

    None.

Critical Paths under _main in BANK22

    None.

Critical Paths under _main in BANK23

    None.

Critical Paths under _main in BANK24

    None.

Critical Paths under _main in BANK25

    None.

Critical Paths under _main in BANK26

    None.

Critical Paths under _main in BANK27

    None.

Critical Paths under _main in BANK28

    None.

Critical Paths under _main in BANK29

    None.

Critical Paths under _main in BANK30

    None.

Critical Paths under _main in BANK31

    None.

Critical Paths under _main in BANK32

    None.

Critical Paths under _main in BANK33

    None.

Critical Paths under _main in BANK34

    None.

Critical Paths under _main in BANK35

    None.

Critical Paths under _main in BANK36

    None.

Critical Paths under _main in BANK37

    None.

Call Graph Tables:

 ---------------------------------------------------------------------------------
 (Depth) Function   	        Calls       Base Space   Used Autos Params    Refs
 ---------------------------------------------------------------------------------
 (0) _main                                                 0     0      0      45
                         _ClockSetup
                          _GpioSetup
                       _SysTickSetup
                        _SystemSleep
                  _UserAppInitialize
                         _UserAppRun
 ---------------------------------------------------------------------------------
 (1) _UserAppRun                                          10    10      0      45
                                              0 COMRAM    10    10      0
 ---------------------------------------------------------------------------------
 (1) _UserAppInitialize                                    0     0      0       0
 ---------------------------------------------------------------------------------
 (1) _SystemSleep                                          0     0      0       0
 ---------------------------------------------------------------------------------
 (1) _SysTickSetup                                         0     0      0       0
 ---------------------------------------------------------------------------------
 (1) _GpioSetup                                            0     0      0       0
 ---------------------------------------------------------------------------------
 (1) _ClockSetup                                           0     0      0       0
 ---------------------------------------------------------------------------------
 Estimated maximum stack depth 1
 ---------------------------------------------------------------------------------

 Call Graph Graphs:

 _main (ROOT)
   _ClockSetup
   _GpioSetup
   _SysTickSetup
   _SystemSleep
   _UserAppInitialize
   _UserAppRun

 Address spaces:
Name               Size   Autos  Total    Cost      Usage
BIGRAM            20FF      0       0      71        0.0%
EEDATA             400      0       0       0        0.0%
BITBANK37          100      0       0      70        0.0%
BANK37             100      0       0      68        0.0%
BITBANK36          100      0       0      66        0.0%
BANK36             100      0       0      67        0.0%
BITBANK35          100      0       0      64        0.0%
BANK35             100      0       0      65        0.0%
BITBANK34          100      0       0      62        0.0%
BANK34             100      0       0      63        0.0%
BITBANK33          100      0       0      60        0.0%
BANK33             100      0       0      61        0.0%
BITBANK32          100      0       0      58        0.0%
BANK32             100      0       0      59        0.0%
BITBANK31          100      0       0      56        0.0%
BANK31             100      0       0      57        0.0%
BITBANK30          100      0       0      54        0.0%
BANK30             100      0       0      55        0.0%
BITBANK29          100      0       0      52        0.0%
BANK29             100      0       0      53        0.0%
BITBANK28          100      0       0      50        0.0%
BANK28             100      0       0      51        0.0%
BITBANK27          100      0       0      48        0.0%
BANK27             100      0       0      49        0.0%
BITBANK26          100      0       0      46        0.0%
BANK26             100      0       0      47        0.0%
BITBANK25          100      0       0      44        0.0%
BANK25             100      0       0      45        0.0%
BITBANK24          100      0       0      42        0.0%
BANK24             100      0       0      43        0.0%
BITBANK23          100      0       0      40        0.0%
BANK23             100      0       0      41        0.0%
BITBANK22          100      0       0      38        0.0%
BANK22             100      0       0      39        0.0%
BITBANK21          100      0       0      36        0.0%
BANK21             100      0       0      37        0.0%
BITBANK20          100      0       0      34        0.0%
BANK20             100      0       0      35        0.0%
BITBANK19          100      0       0      32        0.0%
BANK19             100      0       0      33        0.0%
BITBANK18          100      0       0      30        0.0%
BANK18             100      0       0      31        0.0%
BITBANK17          100      0       0      28        0.0%
BANK17             100      0       0      29        0.0%
BITBANK16          100      0       0      26        0.0%
BANK16             100      0       0      27        0.0%
BITBANK15          100      0       0      24        0.0%
BANK15             100      0       0      25        0.0%
BITBANK14          100      0       0      22        0.0%
BANK14             100      0       0      23        0.0%
BITBANK13          100      0       0      20        0.0%
BANK13             100      0       0      21        0.0%
BITBANK12          100      0       0      18        0.0%
BANK12             100      0       0      19        0.0%
BITBANK11          100      0       0      16        0.0%
BANK11             100      0       0      17        0.0%
BITBANK10          100      0       0      14        0.0%
BANK10             100      0       0      15        0.0%
BITBANK9           100      0       0      12        0.0%
BANK9              100      0       0      13        0.0%
BITBANK8           100      0       0      10        0.0%
BANK8              100      0       0      11        0.0%
BITBANK7           100      0       0       8        0.0%
BANK7              100      0       0       9        0.0%
BITBANK6           100      0       0       6        0.0%
BANK6              100      0       0       7        0.0%
BITBANK5            A0      0       0       4        0.0%
BANK5               A0      0       0       5        0.0%
BITCOMRAM           5F      0       0       0        0.0%
COMRAM              5F      A      17       1       24.2%
BITSFR_5             0      0       0     200        0.0%
SFR_5                0      0       0     200        0.0%
BITSFR_4             0      0       0     200        0.0%
SFR_4                0      0       0     200        0.0%
BITSFR_3             0      0       0     200        0.0%
SFR_3                0      0       0     200        0.0%
BITSFR_2             0      0       0     200        0.0%
SFR_2                0      0       0     200        0.0%
BITSFR_1             0      0       0     200        0.0%
SFR_1                0      0       0     200        0.0%
BITSFR               0      0       0     200        0.0%
SFR                  0      0       0     200        0.0%
STACK                0      0       0       2        0.0%
NULL                 0      0       0       0        0.0%
ABS                  0      0      17      69        0.0%
DATA                 0      0      17       3        0.0%
CODE                 0      0       0       0        0.0%


Microchip Technology PIC18 Macro Assembler V2.31 build 20201012212115 
Symbol Table                                                                                   Tue Feb 09 09:14:52 2021

     __size_of_SysTickSetup 0022                           l7 FF48                          l10 FF4A  
                        l13 FF82                          l16 FF4C                          l51 FF4E  
                        l56 FFFA                          u10 FFE0                          u11 FFDC  
                        u27 FFEC                         l740 FFBA                         l742 FFE0  
                       l734 FFA6                         l744 FFE2                         l762 FF62  
                       l746 FFE2                         l770 FF8E                         l772 FF92  
                       l764 FF84                         l774 FF96                         l766 FF86  
                       l776 FF9A                         l768 FF8A                         wreg 0004E8  
                      _LATA 0004BE                        _main FF84                _SysTickSetup FF62  
                      start FFFC        __size_of_SystemSleep 0002                ___param_bank 000000  
                _ClockSetup FF48                       ?_main 050E                       status 0004D8  
           __initialization FF50                __end_of_main FFA6                      ??_main 0518  
             __activetblptr 000000          __size_of_GpioSetup 0002                 ?_ClockSetup 050E  
                    clear_0 FF56                  _UserAppRun FFA6                  __accesstop 0560  
   __end_of__initialization FF5C               ___rparam_used 000001            _G_u8UserAppFlags 050D  
            __pcstackCOMRAM 050E           __end_of_GpioSetup FF4C         __size_of_ClockSetup 0002  
               ?_UserAppRun 050E               ??_SystemSleep 050E                     __Hparam 0000  
                   __Lparam 0000                     __pcinit FF50                     __ramtop 2600  
                   __ptext0 FF84                     __ptext1 FFA6                     __ptext2 FF4E  
                   __ptext3 FF4C                     __ptext4 FF62                     __ptext5 FF4A  
                   __ptext6 FF48        end_of_initialization FF5C            _G_u32SystemFlags 0501  
                   postinc0 0004EE         __end_of_SystemSleep FF4E                ??_ClockSetup 050E  
       __size_of_UserAppRun 0056        UserAppRun@u32Counter 0514          __end_of_ClockSetup FF4A  
                 _GpioSetup FF4A         start_initialization FF50               ?_SysTickSetup 050E  
               _SystemSleep FF4C                  ?_GpioSetup 050E                 __pbssCOMRAM 0501  
         _UserAppInitialize FF4E                ??_UserAppRun 050E          ?_UserAppInitialize 050E  
            ??_SysTickSetup 050E         ??_UserAppInitialize 050E          __end_of_UserAppRun FFFC  
 __end_of_UserAppInitialize FF50                 ??_GpioSetup 050E                    __Hrparam 0000  
                  __Lrparam 0000        __end_of_SysTickSetup FF84  __size_of_UserAppInitialize 0002  
             __size_of_main 0022                ?_SystemSleep 050E          _G_u32SystemTime1ms 0509  
         _G_u32SystemTime1s 0505  
